running egg_info
writing build/licenta/thesis_licence.egg-info/PKG-INFO
writing dependency_links to build/licenta/thesis_licence.egg-info/dependency_links.txt
writing entry points to build/licenta/thesis_licence.egg-info/entry_points.txt
writing requirements to build/licenta/thesis_licence.egg-info/requires.txt
writing top-level names to build/licenta/thesis_licence.egg-info/top_level.txt
reading manifest file 'build/licenta/thesis_licence.egg-info/SOURCES.txt'
writing manifest file 'build/licenta/thesis_licence.egg-info/SOURCES.txt'
running build
running build_py
creating /home/sebi/thesis_licence/build/licenta/build
creating /home/sebi/thesis_licence/build/licenta/build/lib
creating /home/sebi/thesis_licence/build/licenta/build/lib/thesis_licence
copying thesis_licence/my_robot_driver.py -> /home/sebi/thesis_licence/build/licenta/build/lib/thesis_licence
copying thesis_licence/tf2_transform.py -> /home/sebi/thesis_licence/build/licenta/build/lib/thesis_licence
copying thesis_licence/__init__.py -> /home/sebi/thesis_licence/build/licenta/build/lib/thesis_licence
copying thesis_licence/obstacle.py -> /home/sebi/thesis_licence/build/licenta/build/lib/thesis_licence
running install
running install_lib
creating /home/sebi/thesis_licence/install/licenta/lib/python3.8/site-packages/thesis_licence
copying /home/sebi/thesis_licence/build/licenta/build/lib/thesis_licence/my_robot_driver.py -> /home/sebi/thesis_licence/install/licenta/lib/python3.8/site-packages/thesis_licence
copying /home/sebi/thesis_licence/build/licenta/build/lib/thesis_licence/tf2_transform.py -> /home/sebi/thesis_licence/install/licenta/lib/python3.8/site-packages/thesis_licence
copying /home/sebi/thesis_licence/build/licenta/build/lib/thesis_licence/__init__.py -> /home/sebi/thesis_licence/install/licenta/lib/python3.8/site-packages/thesis_licence
copying /home/sebi/thesis_licence/build/licenta/build/lib/thesis_licence/obstacle.py -> /home/sebi/thesis_licence/install/licenta/lib/python3.8/site-packages/thesis_licence
byte-compiling /home/sebi/thesis_licence/install/licenta/lib/python3.8/site-packages/thesis_licence/my_robot_driver.py to my_robot_driver.cpython-38.pyc
byte-compiling /home/sebi/thesis_licence/install/licenta/lib/python3.8/site-packages/thesis_licence/tf2_transform.py to tf2_transform.cpython-38.pyc
byte-compiling /home/sebi/thesis_licence/install/licenta/lib/python3.8/site-packages/thesis_licence/__init__.py to __init__.cpython-38.pyc
byte-compiling /home/sebi/thesis_licence/install/licenta/lib/python3.8/site-packages/thesis_licence/obstacle.py to obstacle.cpython-38.pyc
running install_data
