[0.587s] Invoking command in '/home/sebi/thesis_licence': PYTHONPATH=/home/sebi/thesis_licence/build/licenta/prefix_override:/home/sebi/thesis_licence/install/licenta/lib/python3.8/site-packages:${PYTHONPATH} /usr/bin/python3 -W ignore:setup.py install is deprecated setup.py egg_info --egg-base build/licenta build --build-base /home/sebi/thesis_licence/build/licenta/build install --record /home/sebi/thesis_licence/build/licenta/install.log --single-version-externally-managed install_data
[0.803s] running egg_info
[0.803s] writing build/licenta/thesis_licence.egg-info/PKG-INFO
[0.804s] writing dependency_links to build/licenta/thesis_licence.egg-info/dependency_links.txt
[0.805s] writing entry points to build/licenta/thesis_licence.egg-info/entry_points.txt
[0.805s] writing requirements to build/licenta/thesis_licence.egg-info/requires.txt
[0.805s] writing top-level names to build/licenta/thesis_licence.egg-info/top_level.txt
[0.808s] reading manifest file 'build/licenta/thesis_licence.egg-info/SOURCES.txt'
[0.809s] writing manifest file 'build/licenta/thesis_licence.egg-info/SOURCES.txt'
[0.809s] running build
[0.809s] running build_py
[0.809s] creating /home/sebi/thesis_licence/build/licenta/build
[0.809s] creating /home/sebi/thesis_licence/build/licenta/build/lib
[0.810s] creating /home/sebi/thesis_licence/build/licenta/build/lib/thesis_licence
[0.810s] copying thesis_licence/my_robot_driver.py -> /home/sebi/thesis_licence/build/licenta/build/lib/thesis_licence
[0.810s] copying thesis_licence/tf2_transform.py -> /home/sebi/thesis_licence/build/licenta/build/lib/thesis_licence
[0.811s] copying thesis_licence/__init__.py -> /home/sebi/thesis_licence/build/licenta/build/lib/thesis_licence
[0.811s] copying thesis_licence/obstacle.py -> /home/sebi/thesis_licence/build/licenta/build/lib/thesis_licence
[0.811s] running install
[0.811s] running install_lib
[0.812s] creating /home/sebi/thesis_licence/install/licenta/lib/python3.8/site-packages/thesis_licence
[0.812s] copying /home/sebi/thesis_licence/build/licenta/build/lib/thesis_licence/my_robot_driver.py -> /home/sebi/thesis_licence/install/licenta/lib/python3.8/site-packages/thesis_licence
[0.813s] copying /home/sebi/thesis_licence/build/licenta/build/lib/thesis_licence/tf2_transform.py -> /home/sebi/thesis_licence/install/licenta/lib/python3.8/site-packages/thesis_licence
[0.813s] copying /home/sebi/thesis_licence/build/licenta/build/lib/thesis_licence/__init__.py -> /home/sebi/thesis_licence/install/licenta/lib/python3.8/site-packages/thesis_licence
[0.813s] copying /home/sebi/thesis_licence/build/licenta/build/lib/thesis_licence/obstacle.py -> /home/sebi/thesis_licence/install/licenta/lib/python3.8/site-packages/thesis_licence
[0.813s] byte-compiling /home/sebi/thesis_licence/install/licenta/lib/python3.8/site-packages/thesis_licence/my_robot_driver.py to my_robot_driver.cpython-38.pyc
[0.814s] byte-compiling /home/sebi/thesis_licence/install/licenta/lib/python3.8/site-packages/thesis_licence/tf2_transform.py to tf2_transform.cpython-38.pyc
[0.815s] byte-compiling /home/sebi/thesis_licence/install/licenta/lib/python3.8/site-packages/thesis_licence/__init__.py to __init__.cpython-38.pyc
[0.815s] byte-compiling /home/sebi/thesis_licence/install/licenta/lib/python3.8/site-packages/thesis_licence/obstacle.py to obstacle.cpython-38.pyc
[0.818s] running install_data
[0.818s] error: can't copy 'resource/thesis_licence': doesn't exist or not a regular file
[0.836s] Invoked command in '/home/sebi/thesis_licence' returned '1': PYTHONPATH=/home/sebi/thesis_licence/build/licenta/prefix_override:/home/sebi/thesis_licence/install/licenta/lib/python3.8/site-packages:${PYTHONPATH} /usr/bin/python3 -W ignore:setup.py install is deprecated setup.py egg_info --egg-base build/licenta build --build-base /home/sebi/thesis_licence/build/licenta/build install --record /home/sebi/thesis_licence/build/licenta/install.log --single-version-externally-managed install_data
