running egg_info
creating build/licenta/licenta.egg-info
writing build/licenta/licenta.egg-info/PKG-INFO
writing dependency_links to build/licenta/licenta.egg-info/dependency_links.txt
writing entry points to build/licenta/licenta.egg-info/entry_points.txt
writing requirements to build/licenta/licenta.egg-info/requires.txt
writing top-level names to build/licenta/licenta.egg-info/top_level.txt
writing manifest file 'build/licenta/licenta.egg-info/SOURCES.txt'
reading manifest file 'build/licenta/licenta.egg-info/SOURCES.txt'
writing manifest file 'build/licenta/licenta.egg-info/SOURCES.txt'
running build
running build_py
creating /home/sebi/thesis_licence/build/licenta/build
creating /home/sebi/thesis_licence/build/licenta/build/lib
creating /home/sebi/thesis_licence/build/licenta/build/lib/licenta
copying licenta/my_robot_driver.py -> /home/sebi/thesis_licence/build/licenta/build/lib/licenta
copying licenta/__init__.py -> /home/sebi/thesis_licence/build/licenta/build/lib/licenta
copying licenta/obstacle_avoider.py -> /home/sebi/thesis_licence/build/licenta/build/lib/licenta
running install
running install_lib
creating /home/sebi/thesis_licence/install/licenta/lib/python3.8/site-packages/licenta
copying /home/sebi/thesis_licence/build/licenta/build/lib/licenta/my_robot_driver.py -> /home/sebi/thesis_licence/install/licenta/lib/python3.8/site-packages/licenta
copying /home/sebi/thesis_licence/build/licenta/build/lib/licenta/__init__.py -> /home/sebi/thesis_licence/install/licenta/lib/python3.8/site-packages/licenta
copying /home/sebi/thesis_licence/build/licenta/build/lib/licenta/obstacle_avoider.py -> /home/sebi/thesis_licence/install/licenta/lib/python3.8/site-packages/licenta
byte-compiling /home/sebi/thesis_licence/install/licenta/lib/python3.8/site-packages/licenta/my_robot_driver.py to my_robot_driver.cpython-38.pyc
byte-compiling /home/sebi/thesis_licence/install/licenta/lib/python3.8/site-packages/licenta/__init__.py to __init__.cpython-38.pyc
byte-compiling /home/sebi/thesis_licence/install/licenta/lib/python3.8/site-packages/licenta/obstacle_avoider.py to obstacle_avoider.cpython-38.pyc
running install_data
creating /home/sebi/thesis_licence/install/licenta/share/ament_index
creating /home/sebi/thesis_licence/install/licenta/share/ament_index/resource_index
creating /home/sebi/thesis_licence/install/licenta/share/ament_index/resource_index/packages
copying resource/licenta -> /home/sebi/thesis_licence/install/licenta/share/ament_index/resource_index/packages
creating /home/sebi/thesis_licence/install/licenta/share/licenta/launch
copying launch/robot_launch.py -> /home/sebi/thesis_licence/install/licenta/share/licenta/launch
creating /home/sebi/thesis_licence/install/licenta/share/licenta/worlds
copying worlds/world_new_obstcl.wbt -> /home/sebi/thesis_licence/install/licenta/share/licenta/worlds
creating /home/sebi/thesis_licence/install/licenta/share/licenta/resource
copying resource/khepera.urdf -> /home/sebi/thesis_licence/install/licenta/share/licenta/resource
copying package.xml -> /home/sebi/thesis_licence/install/licenta/share/licenta
running install_egg_info
Copying build/licenta/licenta.egg-info to /home/sebi/thesis_licence/install/licenta/lib/python3.8/site-packages/licenta-0.0.0-py3.8.egg-info
running install_scripts
Installing my_robot_driver script to /home/sebi/thesis_licence/install/licenta/lib/licenta
Installing obstacle_avoider script to /home/sebi/thesis_licence/install/licenta/lib/licenta
writing list of installed files to '/home/sebi/thesis_licence/build/licenta/install.log'
