/home/sebi/thesis_licence/install/licenta/lib/python3.8/site-packages/licenta/my_robot_driver.py
/home/sebi/thesis_licence/install/licenta/lib/python3.8/site-packages/licenta/__init__.py
/home/sebi/thesis_licence/install/licenta/lib/python3.8/site-packages/licenta/obstacle_avoider.py
/home/sebi/thesis_licence/install/licenta/lib/python3.8/site-packages/licenta/__pycache__/my_robot_driver.cpython-38.pyc
/home/sebi/thesis_licence/install/licenta/lib/python3.8/site-packages/licenta/__pycache__/__init__.cpython-38.pyc
/home/sebi/thesis_licence/install/licenta/lib/python3.8/site-packages/licenta/__pycache__/obstacle_avoider.cpython-38.pyc
/home/sebi/thesis_licence/install/licenta/share/ament_index/resource_index/packages/licenta
/home/sebi/thesis_licence/install/licenta/share/licenta/launch/robot_launch.py
/home/sebi/thesis_licence/install/licenta/share/licenta/worlds/world_new_obstcl.wbt
/home/sebi/thesis_licence/install/licenta/share/licenta/resource/khepera.urdf
/home/sebi/thesis_licence/install/licenta/share/licenta/package.xml
/home/sebi/thesis_licence/install/licenta/lib/python3.8/site-packages/licenta-0.0.0-py3.8.egg-info/SOURCES.txt
/home/sebi/thesis_licence/install/licenta/lib/python3.8/site-packages/licenta-0.0.0-py3.8.egg-info/zip-safe
/home/sebi/thesis_licence/install/licenta/lib/python3.8/site-packages/licenta-0.0.0-py3.8.egg-info/entry_points.txt
/home/sebi/thesis_licence/install/licenta/lib/python3.8/site-packages/licenta-0.0.0-py3.8.egg-info/dependency_links.txt
/home/sebi/thesis_licence/install/licenta/lib/python3.8/site-packages/licenta-0.0.0-py3.8.egg-info/requires.txt
/home/sebi/thesis_licence/install/licenta/lib/python3.8/site-packages/licenta-0.0.0-py3.8.egg-info/top_level.txt
/home/sebi/thesis_licence/install/licenta/lib/python3.8/site-packages/licenta-0.0.0-py3.8.egg-info/PKG-INFO
/home/sebi/thesis_licence/install/licenta/lib/licenta/my_robot_driver
/home/sebi/thesis_licence/install/licenta/lib/licenta/obstacle_avoider
